<?xml version="1.0" encoding="UTF-8"?>
<testng-results skipped="0" failed="0" ignored="0" total="1" passed="1">
  <reporter-output>
  </reporter-output>
  <suite name="Default suite" duration-ms="27946" started-at="2019-09-22T22:14:28 EDT" finished-at="2019-09-22T22:14:56 EDT">
    <groups>
    </groups>
    <test name="Default test" duration-ms="27946" started-at="2019-09-22T22:14:28 EDT" finished-at="2019-09-22T22:14:56 EDT">
      <class name="TestCases.HomePageTest2">
        <test-method status="PASS" signature="basePageNavigation(java.lang.String, java.lang.String, java.lang.String)[pri:0, instance:TestCases.HomePageTest2@7791a895]" name="basePageNavigation" duration-ms="27907" started-at="2019-09-22T22:14:28 EDT" data-provider="getData" finished-at="2019-09-22T22:14:56 EDT">
          <params>
            <param index="0">
              <value>
                <![CDATA[sdjshdffsijh]]>
              </value>
            </param>
            <param index="1">
              <value>
                <![CDATA[sdjshsijh]]>
              </value>
            </param>
            <param index="2">
              <value>
                <![CDATA[Restricted User]]>
              </value>
            </param>
          </params>
          <reporter-output>
          </reporter-output>
        </test-method> <!-- basePageNavigation -->
      </class> <!-- TestCases.HomePageTest2 -->
    </test> <!-- Default test -->
  </suite> <!-- Default suite -->
</testng-results>
